Loading required package: tidyverse
── Attaching packages ─────────────────────────────────────── tidyverse 1.3.0 ──
✔ ggplot2 3.3.0     ✔ purrr   0.3.3
✔ tibble  2.1.3     ✔ dplyr   0.8.4
✔ tidyr   1.0.2     ✔ stringr 1.4.0
✔ readr   1.3.1     ✔ forcats 0.5.0
── Conflicts ────────────────────────────────────────── tidyverse_conflicts() ──
✖ dplyr::filter() masks stats::filter()
✖ dplyr::lag()    masks stats::lag()
Loading required package: sf
Linking to GEOS 3.5.1, GDAL 2.2.2, PROJ 4.9.2
Loading required package: DBI
Warning message:
In file(file, "rt") :
  cannot open URL 'https://raw.githubusercontent.com/CSSEGISandData/COVID-19/master/csse_covid_19_data/csse_covid_19_daily_reports/03-28-2020.csv': HTTP status was '404 Not Found'
Warning messages:
1: In st_centroid.sf(.) :
  st_centroid assumes attributes are constant over geometries of x
2: In st_centroid.sfc(st_geometry(x), of_largest_polygon = of_largest_polygon) :
  st_centroid does not give correct centroids for longitude/latitude data

START OF WRITE FUNCTION
[2020-03-28 04:00:06]  |  covid_19_county_long
******
covid_19_county_long
Deleting source `/data/Github/proj-covid-19/output/covid_19_county_long.gpkg' using driver `GPKG'
Updating layer `covid_19_county_long' to data source `/data/Github/proj-covid-19/output/covid_19_county_long.gpkg' using driver `GPKG'
Writing 21691 features with 35 fields and geometry type Point.
  % Total    % Received % Xferd  Average Speed   Time    Time     Time  Current
                                 Dload  Upload   Total   Spent    Left  Speed
  0     0    0     0    0     0      0      0 --:--:-- --:--:-- --:--:--     0*   Trying 104.154.194.63...
* Connected to ruralinnovation.carto.com (104.154.194.63) port 443 (#0)
  0     0    0     0    0     0      0      0 --:--:-- --:--:-- --:--:--     0* found 148 certificates in /etc/ssl/certs/ca-certificates.crt
* found 594 certificates in /etc/ssl/certs
* ALPN, offering http/1.1
* SSL connection using TLS1.2 / ECDHE_RSA_AES_128_GCM_SHA256
* 	 server certificate verification OK
* 	 server certificate status verification SKIPPED
* 	 common name: *.carto.com (matched)
* 	 server certificate expiration date OK
* 	 server certificate activation date OK
* 	 certificate public key: RSA
* 	 certificate version: #3
* 	 subject: OU=Domain Control Validated,OU=EssentialSSL Wildcard,CN=*.carto.com
* 	 start date: Wed, 03 Oct 2018 00:00:00 GMT
* 	 expire date: Sun, 11 Oct 2020 23:59:59 GMT
* 	 issuer: C=GB,ST=Greater Manchester,L=Salford,O=COMODO CA Limited,CN=COMODO RSA Domain Validation Secure Server CA
* 	 compression: NULL
* ALPN, server accepted to use http/1.1
> POST /u/ruralinnovation-admin/api/v1/imports/?api_key=838b5348e9b88541c86656498631f1a3a8274b09&collision_strategy=overwrite HTTP/1.1
> Host: ruralinnovation.carto.com
> User-Agent: curl/7.47.0
> Accept: */*
> Content-Length: 8536281
> Expect: 100-continue
> Content-Type: multipart/form-data; boundary=------------------------d20f1ad77bfc1c95
> 
< HTTP/1.1 100 Continue
} [169 bytes data]
100 8336k    0     0  100 8336k      0  6817k  0:00:01  0:00:01 --:--:-- 6816k< HTTP/1.1 200 OK
< Date: Sat, 28 Mar 2020 09:00:10 GMT
< Content-Type: application/json; charset=utf-8
< Transfer-Encoding: chunked
< Connection: keep-alive
< Vary: Accept-Encoding
< Status: 200 OK
< X-Frame-Options: DENY
< X-XSS-Protection: 1; mode=block
< X-Content-Type-Options: nosniff
< X-CartoDB-Rev: 4c4db903b332be996362b06fb7b9f81e0d9005dc
< ETag: W/"c59091cce41393b29828ed48f3fb6642"
< Cache-Control: max-age=0, private, must-revalidate
< X-Request-Id: 596918d0-dcfa-4db2-cd53-2cb1f6569509
< X-Runtime: 0.998957
< 
{ [82 bytes data]
100 8336k    0    71  100 8336k     43  5128k  0:00:01  0:00:01 --:--:-- 5126k
* Connection #0 to host ruralinnovation.carto.com left intact
{"item_queue_id":"d067ac05-188a-4844-97f9-6f8c2d78f327","success":true}                    datetime                    layer.cat 
       "2020-03-28 04:00:06"                       "temp" 
                  layer.type                layer.name.db 
                          ""       "covid_19_county_long" 
          layer.name.db.long 
"temp__covid_19_county_long" 

END OF WRITE FUNCTION
Warning message:
In sink() : no sink to remove
Loading required package: tidyverse
── Attaching packages ─────────────────────────────────────── tidyverse 1.3.0 ──
✔ ggplot2 3.3.0     ✔ purrr   0.3.3
✔ tibble  2.1.3     ✔ dplyr   0.8.4
✔ tidyr   1.0.2     ✔ stringr 1.4.0
✔ readr   1.3.1     ✔ forcats 0.5.0
── Conflicts ────────────────────────────────────────── tidyverse_conflicts() ──
✖ dplyr::filter() masks stats::filter()
✖ dplyr::lag()    masks stats::lag()
Loading required package: sf
Linking to GEOS 3.5.1, GDAL 2.2.2, PROJ 4.9.2
Loading required package: DBI
Warning message:
In file(file, "rt") :
  cannot open URL 'https://raw.githubusercontent.com/CSSEGISandData/COVID-19/master/csse_covid_19_data/csse_covid_19_daily_reports/03-29-2020.csv': HTTP status was '404 Not Found'
Warning messages:
1: In st_centroid.sf(.) :
  st_centroid assumes attributes are constant over geometries of x
2: In st_centroid.sfc(st_geometry(x), of_largest_polygon = of_largest_polygon) :
  st_centroid does not give correct centroids for longitude/latitude data

START OF WRITE FUNCTION
[2020-03-29 04:00:07]  |  covid_19_county_long
******
covid_19_county_long
Deleting source `/data/Github/proj-covid-19/output/covid_19_county_long.gpkg' using driver `GPKG'
Updating layer `covid_19_county_long' to data source `/data/Github/proj-covid-19/output/covid_19_county_long.gpkg' using driver `GPKG'
Writing 24832 features with 35 fields and geometry type Point.
  % Total    % Received % Xferd  Average Speed   Time    Time     Time  Current
                                 Dload  Upload   Total   Spent    Left  Speed
  0     0    0     0    0     0      0      0 --:--:-- --:--:-- --:--:--     0*   Trying 104.154.194.63...
* Connected to ruralinnovation.carto.com (104.154.194.63) port 443 (#0)
* found 148 certificates in /etc/ssl/certs/ca-certificates.crt
* found 594 certificates in /etc/ssl/certs
* ALPN, offering http/1.1
* SSL connection using TLS1.2 / ECDHE_RSA_AES_128_GCM_SHA256
* 	 server certificate verification OK
* 	 server certificate status verification SKIPPED
* 	 common name: *.carto.com (matched)
* 	 server certificate expiration date OK
* 	 server certificate activation date OK
* 	 certificate public key: RSA
* 	 certificate version: #3
* 	 subject: OU=Domain Control Validated,OU=EssentialSSL Wildcard,CN=*.carto.com
* 	 start date: Wed, 03 Oct 2018 00:00:00 GMT
* 	 expire date: Sun, 11 Oct 2020 23:59:59 GMT
* 	 issuer: C=GB,ST=Greater Manchester,L=Salford,O=COMODO CA Limited,CN=COMODO RSA Domain Validation Secure Server CA
* 	 compression: NULL
* ALPN, server accepted to use http/1.1
> POST /u/ruralinnovation-admin/api/v1/imports/?api_key=838b5348e9b88541c86656498631f1a3a8274b09&collision_strategy=overwrite HTTP/1.1
> Host: ruralinnovation.carto.com
> User-Agent: curl/7.47.0
> Accept: */*
> Content-Length: 9769177
> Expect: 100-continue
> Content-Type: multipart/form-data; boundary=------------------------a37a59e00ad95c84
> 
< HTTP/1.1 100 Continue
} [169 bytes data]
100 9540k    0     0  100 9540k      0  7794k  0:00:01  0:00:01 --:--:-- 7800k< HTTP/1.1 200 OK
< Date: Sun, 29 Mar 2020 09:00:11 GMT
< Content-Type: application/json; charset=utf-8
< Transfer-Encoding: chunked
< Connection: keep-alive
< Vary: Accept-Encoding
< Status: 200 OK
< X-Frame-Options: DENY
< X-XSS-Protection: 1; mode=block
< X-Content-Type-Options: nosniff
< X-CartoDB-Rev: 4c4db903b332be996362b06fb7b9f81e0d9005dc
< ETag: W/"cc4b0c46c6d7586c78e0df87d9e4f474"
< Cache-Control: max-age=0, private, must-revalidate
< X-Request-Id: 15298a64-5bb9-456a-c571-77430f5b3fd4
< X-Runtime: 0.945954
< 
{ [82 bytes data]
100 9540k    0    71  100 9540k     45  6168k  0:00:01  0:00:01 --:--:-- 6170k
* Connection #0 to host ruralinnovation.carto.com left intact
{"item_queue_id":"6edc7f2a-d62c-4c03-bcaa-1233845e77ca","success":true}                    datetime                    layer.cat 
       "2020-03-29 04:00:07"                       "temp" 
                  layer.type                layer.name.db 
                          ""       "covid_19_county_long" 
          layer.name.db.long 
"temp__covid_19_county_long" 

END OF WRITE FUNCTION
Warning message:
In sink() : no sink to remove
Loading required package: tidyverse
── Attaching packages ─────────────────────────────────────── tidyverse 1.3.0 ──
✔ ggplot2 3.3.0     ✔ purrr   0.3.3
✔ tibble  2.1.3     ✔ dplyr   0.8.4
✔ tidyr   1.0.2     ✔ stringr 1.4.0
✔ readr   1.3.1     ✔ forcats 0.5.0
── Conflicts ────────────────────────────────────────── tidyverse_conflicts() ──
✖ dplyr::filter() masks stats::filter()
✖ dplyr::lag()    masks stats::lag()
Loading required package: sf
Linking to GEOS 3.5.1, GDAL 2.2.2, PROJ 4.9.2
Loading required package: DBI
Warning message:
In file(file, "rt") :
  cannot open URL 'https://raw.githubusercontent.com/CSSEGISandData/COVID-19/master/csse_covid_19_data/csse_covid_19_daily_reports/03-30-2020.csv': HTTP status was '404 Not Found'
Warning messages:
1: In st_centroid.sf(.) :
  st_centroid assumes attributes are constant over geometries of x
2: In st_centroid.sfc(st_geometry(x), of_largest_polygon = of_largest_polygon) :
  st_centroid does not give correct centroids for longitude/latitude data

START OF WRITE FUNCTION
[2020-03-30 04:00:07]  |  covid_19_county_long
******
covid_19_county_long
Deleting source `/data/Github/proj-covid-19/output/covid_19_county_long.gpkg' using driver `GPKG'
Updating layer `covid_19_county_long' to data source `/data/Github/proj-covid-19/output/covid_19_county_long.gpkg' using driver `GPKG'
Writing 27974 features with 35 fields and geometry type Point.
  % Total    % Received % Xferd  Average Speed   Time    Time     Time  Current
                                 Dload  Upload   Total   Spent    Left  Speed
  0     0    0     0    0     0      0      0 --:--:-- --:--:-- --:--:--     0*   Trying 104.154.25.41...
* Connected to ruralinnovation.carto.com (104.154.25.41) port 443 (#0)
* found 148 certificates in /etc/ssl/certs/ca-certificates.crt
* found 594 certificates in /etc/ssl/certs
* ALPN, offering http/1.1
* SSL connection using TLS1.2 / ECDHE_RSA_AES_128_GCM_SHA256
* 	 server certificate verification OK
* 	 server certificate status verification SKIPPED
* 	 common name: *.carto.com (matched)
* 	 server certificate expiration date OK
* 	 server certificate activation date OK
* 	 certificate public key: RSA
* 	 certificate version: #3
* 	 subject: OU=Domain Control Validated,OU=EssentialSSL Wildcard,CN=*.carto.com
* 	 start date: Wed, 03 Oct 2018 00:00:00 GMT
* 	 expire date: Sun, 11 Oct 2020 23:59:59 GMT
* 	 issuer: C=GB,ST=Greater Manchester,L=Salford,O=COMODO CA Limited,CN=COMODO RSA Domain Validation Secure Server CA
* 	 compression: NULL
* ALPN, server accepted to use http/1.1
> POST /u/ruralinnovation-admin/api/v1/imports/?api_key=838b5348e9b88541c86656498631f1a3a8274b09&collision_strategy=overwrite HTTP/1.1
> Host: ruralinnovation.carto.com
> User-Agent: curl/7.47.0
> Accept: */*
> Content-Length: 11055321
> Expect: 100-continue
> Content-Type: multipart/form-data; boundary=------------------------dfa92e1c09ef8df4
> 
< HTTP/1.1 100 Continue
} [169 bytes data]
100 10.5M    0     0  100 10.5M      0  8751k  0:00:01  0:00:01 --:--:-- 8756k< HTTP/1.1 200 OK
< Date: Mon, 30 Mar 2020 09:00:12 GMT
< Content-Type: application/json; charset=utf-8
< Transfer-Encoding: chunked
< Connection: keep-alive
< Vary: Accept-Encoding
< Status: 200 OK
< X-Frame-Options: DENY
< X-XSS-Protection: 1; mode=block
< X-Content-Type-Options: nosniff
< X-CartoDB-Rev: 4c4db903b332be996362b06fb7b9f81e0d9005dc
< ETag: W/"913963855fdefe5ffdb59222ecde01cd"
< Cache-Control: max-age=0, private, must-revalidate
< X-Request-Id: 9eb3cac3-b692-4fc0-cff2-9f89080d2bce
< X-Runtime: 0.865303
< 
{ [82 bytes data]
100 10.5M    0    71  100 10.5M     46  7137k  0:00:01  0:00:01 --:--:-- 7140k
* Connection #0 to host ruralinnovation.carto.com left intact
{"item_queue_id":"865e6b6e-23e3-44a9-8261-73aa5640eeaa","success":true}                    datetime                    layer.cat 
       "2020-03-30 04:00:07"                       "temp" 
                  layer.type                layer.name.db 
                          ""       "covid_19_county_long" 
          layer.name.db.long 
"temp__covid_19_county_long" 

END OF WRITE FUNCTION
Warning message:
In sink() : no sink to remove
Loading required package: tidyverse
── Attaching packages ─────────────────────────────────────── tidyverse 1.3.0 ──
✔ ggplot2 3.3.0     ✔ purrr   0.3.3
✔ tibble  2.1.3     ✔ dplyr   0.8.4
✔ tidyr   1.0.2     ✔ stringr 1.4.0
✔ readr   1.3.1     ✔ forcats 0.5.0
── Conflicts ────────────────────────────────────────── tidyverse_conflicts() ──
✖ dplyr::filter() masks stats::filter()
✖ dplyr::lag()    masks stats::lag()
Loading required package: sf
Linking to GEOS 3.5.1, GDAL 2.2.2, PROJ 4.9.2
Loading required package: DBI
Warning message:
In file(file, "rt") :
  cannot open URL 'https://raw.githubusercontent.com/CSSEGISandData/COVID-19/master/csse_covid_19_data/csse_covid_19_daily_reports/03-31-2020.csv': HTTP status was '404 Not Found'
Warning messages:
1: In st_centroid.sf(.) :
  st_centroid assumes attributes are constant over geometries of x
2: In st_centroid.sfc(st_geometry(x), of_largest_polygon = of_largest_polygon) :
  st_centroid does not give correct centroids for longitude/latitude data

START OF WRITE FUNCTION
[2020-03-31 04:00:07]  |  covid_19_county_long
******
covid_19_county_long
Note: method with signature ‘DBIObject#sf’ chosen for function ‘dbDataType’,
 target signature ‘PqConnection#sf’.
 "PqConnection#ANY" would also be valid
Deleting source `/data/Github/proj-covid-19/output/covid_19_county_long.gpkg' using driver `GPKG'
Updating layer `covid_19_county_long' to data source `/data/Github/proj-covid-19/output/covid_19_county_long.gpkg' using driver `GPKG'
Writing 31116 features with 35 fields and geometry type Point.
  % Total    % Received % Xferd  Average Speed   Time    Time     Time  Current
                                 Dload  Upload   Total   Spent    Left  Speed
  0     0    0     0    0     0      0      0 --:--:-- --:--:-- --:--:--     0*   Trying 104.154.194.63...
* Connected to ruralinnovation.carto.com (104.154.194.63) port 443 (#0)
* found 148 certificates in /etc/ssl/certs/ca-certificates.crt
* found 594 certificates in /etc/ssl/certs
* ALPN, offering http/1.1
* SSL connection using TLS1.2 / ECDHE_RSA_AES_128_GCM_SHA256
* 	 server certificate verification OK
* 	 server certificate status verification SKIPPED
* 	 common name: *.carto.com (matched)
* 	 server certificate expiration date OK
* 	 server certificate activation date OK
* 	 certificate public key: RSA
* 	 certificate version: #3
* 	 subject: OU=Domain Control Validated,OU=EssentialSSL Wildcard,CN=*.carto.com
* 	 start date: Wed, 03 Oct 2018 00:00:00 GMT
* 	 expire date: Sun, 11 Oct 2020 23:59:59 GMT
* 	 issuer: C=GB,ST=Greater Manchester,L=Salford,O=COMODO CA Limited,CN=COMODO RSA Domain Validation Secure Server CA
* 	 compression: NULL
* ALPN, server accepted to use http/1.1
> POST /u/ruralinnovation-admin/api/v1/imports/?api_key=838b5348e9b88541c86656498631f1a3a8274b09&collision_strategy=overwrite HTTP/1.1
> Host: ruralinnovation.carto.com
> User-Agent: curl/7.47.0
> Accept: */*
> Content-Length: 12181721
> Expect: 100-continue
> Content-Type: multipart/form-data; boundary=------------------------b74c346365a6f532
> 
< HTTP/1.1 100 Continue
} [169 bytes data]
 27 11.6M    0     0   27 3248k      0  6715k  0:00:01 --:--:--  0:00:01 6711k< HTTP/1.1 200 OK
< Date: Tue, 31 Mar 2020 09:00:14 GMT
< Content-Type: application/json; charset=utf-8
< Transfer-Encoding: chunked
< Connection: keep-alive
< Vary: Accept-Encoding
< Status: 200 OK
< X-Frame-Options: DENY
< X-XSS-Protection: 1; mode=block
< X-Content-Type-Options: nosniff
< X-CartoDB-Rev: d6d8eccd3e4b86451c1e21c4121e16a0f9b6e27e
< ETag: W/"f63d23dee0855865e3dcb575448174f1"
< Cache-Control: max-age=0, private, must-revalidate
< X-Request-Id: 53c0a2aa-d5ba-4fe6-cf76-96ca5e2eb28b
< X-Runtime: 0.951639
< 
{ [82 bytes data]
100 11.6M    0    71  100 11.6M     44  7488k  0:00:01  0:00:01 --:--:-- 7486k100 11.6M    0    71  100 11.6M     44  7487k  0:00:01  0:00:01 --:--:-- 7486k
* Connection #0 to host ruralinnovation.carto.com left intact
{"item_queue_id":"b6b12acc-0570-4416-b420-4cbd514dcdf9","success":true}                    datetime                    layer.cat 
       "2020-03-31 04:00:07"                       "temp" 
                  layer.type                layer.name.db 
                          ""       "covid_19_county_long" 
          layer.name.db.long 
"temp__covid_19_county_long" 

END OF WRITE FUNCTION
Warning message:
In sink() : no sink to remove
